<?xml version="1.0" encoding="UTF-8"?>
<!-- Generated by org.testng.reporters.JUnitXMLReporter -->
<testsuite hostname="harsha-HP-Pavilion-Notebook" ignored="0" tests="8" failures="0" timestamp="2021-03-13T16:21:57 IST" time="0.072" errors="0">
  <testcase name="factorialFalsePositive" time="0.004" classname="CalculatorTest"/>
  <testcase name="factorialTruePositive" time="0.001" classname="CalculatorTest"/>
  <testcase name="logFalsePositive" time="0.016" classname="CalculatorTest"/>
  <testcase name="logTruePositive" time="0.003" classname="CalculatorTest"/>
  <testcase name="powerFalsePositive" time="0.003" classname="CalculatorTest"/>
  <testcase name="powerTruePositive" time="0.001" classname="CalculatorTest"/>
  <testcase name="sqrootFalsePositive" time="0.005" classname="CalculatorTest"/>
  <testcase name="sqrootTruePositive" time="0.001" classname="CalculatorTest"/>
</testsuite>
