<?xml version="1.0" encoding="UTF-8" ?>
<testsuite tests="8" failures="0" name="CalculatorTest" time="0.045" errors="0" skipped="0">
  <properties>
[...]
</properties>
  <testcase classname="CalculatorTest" name="factorialFalsePositive" time="0.005"/>
  <testcase classname="CalculatorTest" name="factorialTruePositive" time="0.001"/>
  <testcase classname="CalculatorTest" name="logFalsePositive" time="0.017"/>
  <testcase classname="CalculatorTest" name="logTruePositive" time="0.003"/>
  <testcase classname="CalculatorTest" name="powerFalsePositive" time="0.004"/>
  <testcase classname="CalculatorTest" name="powerTruePositive" time="0.001"/>
  <testcase classname="CalculatorTest" name="sqrootFalsePositive" time="0.014"/>
  <testcase classname="CalculatorTest" name="sqrootTruePositive" time="0"/>
</testsuite>